\BOOKMARK [1][-]{section*.1}{\376\377\000A\000b\000s\000t\000r\000a\000c\000t}{}% 1
\BOOKMARK [1][-]{section.1}{\376\377\0001\000\040\000I\000n\000t\000r\000o\000d\000u\000c\000t\000i\000o\000n}{}% 2
\BOOKMARK [1][-]{section.2}{\376\377\0002\000\040\000M\000o\000t\000i\000v\000a\000t\000i\000o\000n}{}% 3
\BOOKMARK [2][-]{subsection.2.1}{\376\377\0002\000.\0001\000\040\000B\000a\000c\000k\000g\000r\000o\000u\000n\000d}{section.2}% 4
\BOOKMARK [2][-]{subsection.2.2}{\376\377\0002\000.\0002\000\040\000W\000h\000y\000\040\000c\000a\000n\000n\000o\000t\000\040\000e\000x\000i\000s\000t\000i\000n\000g\000\040\000s\000o\000l\000u\000t\000i\000o\000n\000s\000\040\000p\000r\000o\000v\000e\000\040\000"\000w\000h\000o\000\040\000i\000s\000\040\000t\000h\000e\000\040\000l\000e\000a\000k\000e\000r\000"}{section.2}% 5
\BOOKMARK [1][-]{section.3}{\376\377\0003\000\040\000I\000n\000s\000i\000g\000h\000t\000s\000\040\000f\000r\000o\000m\000\040\000s\000t\000r\000u\000c\000t\000u\000r\000e\000d\000\040\000d\000a\000t\000a\000s\000e\000t}{}% 6
\BOOKMARK [2][-]{subsection.3.1}{\376\377\0003\000.\0001\000\040\000D\000a\000t\000a\000s\000e\000t\000\040\000c\000o\000l\000l\000e\000c\000t\000i\000o\000n}{section.3}% 7
\BOOKMARK [2][-]{subsection.3.2}{\376\377\0003\000.\0002\000\040\000C\000r\000i\000t\000i\000c\000a\000l\000\040\000k\000e\000y\000w\000o\000r\000d\000s\000\040\000i\000n\000\040\000s\000t\000r\000u\000c\000t\000u\000r\000e\000d\000\040\000d\000a\000t\000a\000s\000e\000t}{section.3}% 8
\BOOKMARK [2][-]{subsection.3.3}{\376\377\0003\000.\0003\000\040\000D\000a\000t\000a\000\040\000a\000n\000a\000l\000y\000s\000i\000s\000\040\000w\000i\000t\000h\000\040\000r\000e\000m\000o\000v\000a\000l\000\040\000o\000f\000\040\000p\000a\000r\000t\000i\000a\000l\000\040\000c\000r\000i\000t\000i\000c\000a\000l\000\040\000k\000e\000y\000w\000o\000r\000d\000s}{section.3}% 9
\BOOKMARK [2][-]{subsection.3.4}{\376\377\0003\000.\0004\000\040\000I\000n\000s\000i\000g\000h\000t\000s}{section.3}% 10
\BOOKMARK [1][-]{section.4}{\376\377\0004\000\040\000N\000a\000m\000e\000\040\000O\000v\000e\000r\000v\000i\000e\000w}{}% 11
\BOOKMARK [1][-]{section.5}{\376\377\0005\000\040\000N\000a\000m\000e\000:\000\040\000D\000a\000t\000a\000\040\000A\000l\000l\000o\000c\000a\000t\000i\000o\000n}{}% 12
\BOOKMARK [1][-]{section.6}{\376\377\0006\000\040\000N\000a\000m\000e\000:\000\040\000O\000b\000l\000i\000v\000i\000o\000u\000s\000\040\000T\000r\000a\000n\000s\000f\000e\000r}{}% 13
\BOOKMARK [1][-]{section.7}{\376\377\0007\000\040\000N\000a\000m\000e\000:\000\040\000L\000e\000d\000g\000e\000r}{}% 14
\BOOKMARK [1][-]{section.8}{\376\377\0008\000\040\000G\000u\000i\000l\000t\000y\000\040\000d\000e\000t\000e\000c\000t\000i\000o\000n\000\040\000a\000f\000t\000e\000r\000\040\000d\000a\000t\000a\000\040\000l\000e\000a\000k\000a\000g\000e}{}% 15
\BOOKMARK [2][-]{subsection.8.1}{\376\377\0008\000.\0001\000\040\000W\000o\000r\000k\000f\000l\000o\000w\000\040\000o\000f\000\040\000g\000u\000i\000l\000t\000y\000\040\000d\000e\000t\000e\000c\000t\000i\000o\000n}{section.8}% 16
\BOOKMARK [2][-]{subsection.8.2}{\376\377\0008\000.\0002\000\040\000D\000i\000s\000c\000u\000s\000s\000i\000o\000n\000\040\000o\000f\000\040\000s\000o\000m\000e\000\040\000s\000p\000e\000c\000i\000a\000l\000\040\000c\000a\000s\000e\000s}{section.8}% 17
\BOOKMARK [1][-]{section.9}{\376\377\0009\000\040\000E\000v\000a\000l\000u\000a\000t\000i\000o\000n}{}% 18
\BOOKMARK [1][-]{section.10}{\376\377\0001\0000\000\040\000R\000e\000l\000a\000t\000e\000d\000\040\000w\000o\000r\000k\000s}{}% 19
\BOOKMARK [2][-]{subsection.10.1}{\376\377\0001\0000\000.\0001\000\040\000G\000u\000i\000l\000t\000y\000\040\000d\000e\000t\000e\000c\000t\000i\000o\000n\000\040\000i\000n\000\040\000d\000a\000t\000a\000\040\000l\000e\000a\000k\000a\000g\000e}{section.10}% 20
\BOOKMARK [2][-]{subsection.10.2}{\376\377\0001\0000\000.\0002\000\040\000O\000b\000l\000i\000v\000i\000o\000u\000s\000\040\000t\000r\000a\000n\000s\000f\000e\000r}{section.10}% 21
\BOOKMARK [2][-]{subsection.10.3}{\376\377\0001\0000\000.\0003\000\040\000L\000e\000d\000g\000e\000r}{section.10}% 22
\BOOKMARK [1][-]{section.11}{\376\377\0001\0001\000\040\000C\000o\000n\000c\000l\000u\000s\000i\000o\000n}{}% 23
